<?xml version="1.0" encoding="UTF-8"?>
<!-- Generated by org.testng.reporters.JUnitReportReporter -->
<testsuite hostname="LAPTOP-O3UVQ4DE" failures="0" tests="1" name="e2eProject.LaunchGoogleMeets" time="24.386" errors="0" timestamp="18 May 2021 07:56:55 GMT" skipped="0">
  <testcase classname="e2eProject.LaunchGoogleMeets" name="basePageNavigation" time="24.386"/>
</testsuite> <!-- e2eProject.LaunchGoogleMeets -->
