<?xml version="1.0" encoding="UTF-8"?>
<!-- Generated by org.testng.reporters.JUnitReportReporter -->
<testsuite hostname="LAPTOP-O3UVQ4DE" failures="0" tests="1" name="e2eProject.LaunchGoogleMeets" time="9.425" errors="0" timestamp="15 May 2021 20:48:41 GMT" skipped="0">
  <testcase classname="e2eProject.LaunchGoogleMeets" name="basePageNavigation" time="9.425"/>
</testsuite> <!-- e2eProject.LaunchGoogleMeets -->
