<?xml version="1.0" encoding="UTF-8"?>
<!-- Generated by org.testng.reporters.JUnitReportReporter -->
<testsuite hostname="LAPTOP-O3UVQ4DE" failures="0" tests="1" name="Academy.E2EProject.LaunchGoogleMeets" time="6.209" errors="0" timestamp="14 May 2021 19:56:27 GMT" skipped="0">
  <testcase classname="Academy.E2EProject.LaunchGoogleMeets" name="basePageNavigation" time="6.209"/>
</testsuite> <!-- Academy.E2EProject.LaunchGoogleMeets -->
