<?xml version="1.0" encoding="UTF-8"?>
<!-- Generated by org.testng.reporters.JUnitReportReporter -->
<testsuite hostname="LAPTOP-O3UVQ4DE" failures="0" tests="1" name="Academy.E2EProject.FacebookLogin" time="5.709" errors="0" timestamp="15 May 2021 11:38:17 GMT" skipped="0">
  <testcase classname="Academy.E2EProject.FacebookLogin" name="basePageNavigation" time="5.709"/>
</testsuite> <!-- Academy.E2EProject.FacebookLogin -->
