<?xml version="1.0" encoding="UTF-8"?>
<!-- Generated by org.testng.reporters.JUnitReportReporter -->
<testsuite hostname="LAPTOP-O3UVQ4DE" failures="0" tests="1" name="Academy.E2EProject.HomePage" time="5.031" errors="0" timestamp="14 May 2021 12:45:31 GMT" skipped="0">
  <testcase classname="Academy.E2EProject.HomePage" name="basePageNavigation" time="5.031"/>
</testsuite> <!-- Academy.E2EProject.HomePage -->
