<?xml version="1.0" encoding="UTF-8"?>
<!-- Generated by org.testng.reporters.JUnitReportReporter -->
<testsuite hostname="LAPTOP-O3UVQ4DE" failures="0" tests="1" name="Academy.E2EProject.ValidateFacebookTitle" time="4.542" errors="0" timestamp="14 May 2021 17:02:13 GMT" skipped="0">
  <testcase classname="Academy.E2EProject.ValidateFacebookTitle" name="basePageNavigation" time="4.542"/>
</testsuite> <!-- Academy.E2EProject.ValidateFacebookTitle -->
