<?xml version="1.0" encoding="UTF-8"?>
<!-- Generated by org.testng.reporters.JUnitReportReporter -->
<testsuite hostname="LAPTOP-O3UVQ4DE" failures="0" tests="1" name="e2eProject.ValidateFacebookTitle" time="31.411" errors="0" timestamp="18 May 2021 19:11:40 GMT" skipped="0">
  <testcase classname="e2eProject.ValidateFacebookTitle" name="getTitle" time="31.411"/>
</testsuite> <!-- e2eProject.ValidateFacebookTitle -->
